CMake Warning (dev) in CMakeLists.txt:
  No project() command is present.  The top-level CMakeLists.txt file must
  contain a literal, direct call to the project() command.  Add a line of
  code such as

    project(ProjectName)

  near the top of the file, but after cmake_minimum_required().

  CMake is pretending there is a "project(Project)" command on the first
  line.
This warning is for project developers.  Use -Wno-dev to suppress it.

CMake Error at C:/Users/daeha/AppData/Local/Android/Sdk/cmake/3.18.1/share/cmake-3.18/Modules/CMakeTestCXXCompiler.cmake:59 (message):
  The C++ compiler

    "C:/Users/daeha/AppData/Local/Android/Sdk/ndk/21.4.7075529/toolchains/llvm/prebuilt/windows-x86_64/bin/clang++.exe"

  is not able to compile a simple test program.

  It fails with the following output:

    Change Dir: D:/AndroidStudioProjects/myYoloV5_SUPERhard/myYoloV5_hard/sdk/.cxx/Debug/4773t6u3/arm64-v8a/CMakeFiles/CMakeTmp
    
    Run Build Command(s):C:\Users\daeha\AppData\Local\Android\Sdk\cmake\3.18.1\bin\ninja.exe cmTC_f9b72 && [1/2] Building CXX object CMakeFiles/cmTC_f9b72.dir/testCXXCompiler.cxx.o
    FAILED: CMakeFiles/cmTC_f9b72.dir/testCXXCompiler.cxx.o 
    C:\Users\daeha\AppData\Local\Android\Sdk\ndk\21.4.7075529\toolchains\llvm\prebuilt\windows-x86_64\bin\clang++.exe --target=aarch64-none-linux-android21 --gcc-toolchain=C:/Users/daeha/AppData/Local/Android/Sdk/ndk/21.4.7075529/toolchains/llvm/prebuilt/windows-x86_64 --sysroot=C:/Users/daeha/AppData/Local/Android/Sdk/ndk/21.4.7075529/toolchains/llvm/prebuilt/windows-x86_64/sysroot   -g -DANDROID -fdata-sections -ffunction-sections -funwind-tables -fstack-protector-strong -no-canonical-prefixes -D_FORTIFY_SOURCE=2 -Wformat -Werror=format-security  -fno-rttii -frtti -fexceptions -fsigned-char  -fPIE -MD -MT CMakeFiles/cmTC_f9b72.dir/testCXXCompiler.cxx.o -MF CMakeFiles\cmTC_f9b72.dir\testCXXCompiler.cxx.o.d -o CMakeFiles/cmTC_f9b72.dir/testCXXCompiler.cxx.o -c testCXXCompiler.cxx
    clang++: error: unknown argument '-fno-rttii'; did you mean '-fno-rtti'?
    ninja: build stopped: subcommand failed.
    
    

  

  CMake will not be able to correctly generate this project.


